2019-05-22 07:22:27,028 INFO org.springframework.boot.StartupInfoLogger [main] Starting CrmApplicationTests on vinod with PID 6498 (started by vinod in /home/vinod/Desktop/desk/projects/crm)
2019-05-22 07:22:27,034 INFO org.springframework.boot.SpringApplication [main] No active profile set, falling back to default profiles: default
2019-05-22 07:22:36,273 INFO org.springframework.data.repository.config.RepositoryConfigurationDelegate [main] Bootstrapping Spring Data repositories in DEFAULT mode.
2019-05-22 07:22:36,816 INFO org.springframework.data.repository.config.RepositoryConfigurationDelegate [main] Finished Spring Data repository scanning in 336ms. Found 3 repository interfaces.
2019-05-22 07:22:38,851 INFO org.springframework.context.support.PostProcessorRegistrationDelegate$BeanPostProcessorChecker [main] Bean 'org.springframework.transaction.annotation.ProxyTransactionManagementConfiguration' of type [org.springframework.transaction.annotation.ProxyTransactionManagementConfiguration$$EnhancerBySpringCGLIB$$e37804cb] is not eligible for getting processed by all BeanPostProcessors (for example: not eligible for auto-proxying)
2019-05-22 07:22:39,664 INFO com.zaxxer.hikari.HikariDataSource [main] HikariPool-1 - Starting...
2019-05-22 07:22:40,694 INFO com.zaxxer.hikari.HikariDataSource [main] HikariPool-1 - Start completed.
2019-05-22 07:22:41,184 INFO org.hibernate.jpa.internal.util.LogHelper [main] HHH000204: Processing PersistenceUnitInfo [
	name: default
	...]
2019-05-22 07:22:42,399 INFO org.hibernate.Version [main] HHH000412: Hibernate Core {5.3.10.Final}
2019-05-22 07:22:42,414 INFO org.hibernate.cfg.Environment [main] HHH000206: hibernate.properties not found
2019-05-22 07:22:44,037 INFO org.hibernate.annotations.common.reflection.java.JavaReflectionManager [main] HCANN000001: Hibernate Commons Annotations {5.0.4.Final}
2019-05-22 07:22:44,855 INFO org.hibernate.dialect.Dialect [main] HHH000400: Using dialect: org.hibernate.dialect.MySQL5Dialect
2019-05-22 07:22:49,120 INFO org.springframework.orm.jpa.AbstractEntityManagerFactoryBean [main] Initialized JPA EntityManagerFactory for persistence unit 'default'
2019-05-22 07:22:54,919 INFO org.springframework.scheduling.concurrent.ExecutorConfigurationSupport [main] Initializing ExecutorService 'applicationTaskExecutor'
2019-05-22 07:22:55,883 WARN org.springframework.boot.autoconfigure.orm.jpa.JpaBaseConfiguration$JpaWebConfiguration$JpaWebMvcConfiguration [main] spring.jpa.open-in-view is enabled by default. Therefore, database queries may be performed during view rendering. Explicitly configure spring.jpa.open-in-view to disable this warning
2019-05-22 07:22:57,348 INFO org.springframework.boot.StartupInfoLogger [main] Started CrmApplicationTests in 32.894 seconds (JVM running for 34.723)
2019-05-22 07:22:58,069 INFO org.springframework.scheduling.concurrent.ExecutorConfigurationSupport [Thread-2] Shutting down ExecutorService 'applicationTaskExecutor'
2019-05-22 07:22:58,074 INFO org.springframework.orm.jpa.AbstractEntityManagerFactoryBean [Thread-2] Closing JPA EntityManagerFactory for persistence unit 'default'
2019-05-22 07:22:58,080 INFO com.zaxxer.hikari.HikariDataSource [Thread-2] HikariPool-1 - Shutdown initiated...
2019-05-22 07:22:58,134 INFO com.zaxxer.hikari.HikariDataSource [Thread-2] HikariPool-1 - Shutdown completed.
2019-05-22 07:23:21,070 INFO org.springframework.boot.StartupInfoLogger [main] Starting CrmApplication on vinod with PID 6790 (/home/vinod/Desktop/desk/projects/crm/target/classes started by vinod in /home/vinod/Desktop/desk/projects/crm)
2019-05-22 07:23:21,090 INFO org.springframework.boot.SpringApplication [main] No active profile set, falling back to default profiles: default
2019-05-22 07:23:22,553 INFO org.springframework.data.repository.config.RepositoryConfigurationDelegate [main] Bootstrapping Spring Data repositories in DEFAULT mode.
2019-05-22 07:23:22,729 INFO org.springframework.data.repository.config.RepositoryConfigurationDelegate [main] Finished Spring Data repository scanning in 144ms. Found 3 repository interfaces.
2019-05-22 07:23:23,893 INFO org.springframework.context.support.PostProcessorRegistrationDelegate$BeanPostProcessorChecker [main] Bean 'org.springframework.transaction.annotation.ProxyTransactionManagementConfiguration' of type [org.springframework.transaction.annotation.ProxyTransactionManagementConfiguration$$EnhancerBySpringCGLIB$$6625c2f5] is not eligible for getting processed by all BeanPostProcessors (for example: not eligible for auto-proxying)
2019-05-22 07:23:24,526 INFO org.springframework.boot.web.embedded.tomcat.TomcatWebServer [main] Tomcat initialized with port(s): 8080 (http)
2019-05-22 07:23:24,574 INFO org.apache.juli.logging.DirectJDKLog [main] Initializing ProtocolHandler ["http-nio-8080"]
2019-05-22 07:23:24,607 INFO org.apache.juli.logging.DirectJDKLog [main] Starting service [Tomcat]
2019-05-22 07:23:24,608 INFO org.apache.juli.logging.DirectJDKLog [main] Starting Servlet engine: [Apache Tomcat/9.0.19]
2019-05-22 07:23:24,767 INFO org.apache.juli.logging.DirectJDKLog [main] Initializing Spring embedded WebApplicationContext
2019-05-22 07:23:24,768 INFO org.springframework.boot.web.servlet.context.ServletWebServerApplicationContext [main] Root WebApplicationContext: initialization completed in 3591 ms
2019-05-22 07:23:25,505 INFO com.zaxxer.hikari.HikariDataSource [main] HikariPool-1 - Starting...
2019-05-22 07:23:26,578 INFO com.zaxxer.hikari.HikariDataSource [main] HikariPool-1 - Start completed.
2019-05-22 07:23:26,735 INFO org.hibernate.jpa.internal.util.LogHelper [main] HHH000204: Processing PersistenceUnitInfo [
	name: default
	...]
2019-05-22 07:23:27,042 INFO org.hibernate.Version [main] HHH000412: Hibernate Core {5.3.10.Final}
2019-05-22 07:23:27,050 INFO org.hibernate.cfg.Environment [main] HHH000206: hibernate.properties not found
2019-05-22 07:23:27,564 INFO org.hibernate.annotations.common.reflection.java.JavaReflectionManager [main] HCANN000001: Hibernate Commons Annotations {5.0.4.Final}
2019-05-22 07:23:27,886 INFO org.hibernate.dialect.Dialect [main] HHH000400: Using dialect: org.hibernate.dialect.MySQL5Dialect
2019-05-22 07:23:30,100 INFO org.springframework.orm.jpa.AbstractEntityManagerFactoryBean [main] Initialized JPA EntityManagerFactory for persistence unit 'default'
2019-05-22 07:23:31,443 INFO org.springframework.scheduling.concurrent.ExecutorConfigurationSupport [main] Initializing ExecutorService 'applicationTaskExecutor'
2019-05-22 07:23:31,553 WARN org.springframework.boot.autoconfigure.orm.jpa.JpaBaseConfiguration$JpaWebConfiguration$JpaWebMvcConfiguration [main] spring.jpa.open-in-view is enabled by default. Therefore, database queries may be performed during view rendering. Explicitly configure spring.jpa.open-in-view to disable this warning
2019-05-22 07:23:32,179 INFO org.apache.juli.logging.DirectJDKLog [main] Starting ProtocolHandler ["http-nio-8080"]
2019-05-22 07:23:32,233 INFO org.springframework.boot.web.embedded.tomcat.TomcatWebServer [main] Tomcat started on port(s): 8080 (http) with context path '/crm'
2019-05-22 07:23:32,239 INFO org.springframework.boot.StartupInfoLogger [main] Started CrmApplication in 12.148 seconds (JVM running for 21.572)
2019-05-22 07:24:08,025 INFO org.springframework.boot.StartupInfoLogger [main] Starting CrmApplicationTests on vinod with PID 6899 (started by vinod in /home/vinod/Desktop/desk/projects/crm)
2019-05-22 07:24:08,028 DEBUG org.springframework.boot.StartupInfoLogger [main] Running with Spring Boot v2.1.5.RELEASE, Spring v5.1.7.RELEASE
2019-05-22 07:24:08,031 INFO org.springframework.boot.SpringApplication [main] No active profile set, falling back to default profiles: default
2019-05-22 07:24:09,493 INFO org.springframework.data.repository.config.RepositoryConfigurationDelegate [main] Bootstrapping Spring Data repositories in DEFAULT mode.
2019-05-22 07:24:09,653 INFO org.springframework.data.repository.config.RepositoryConfigurationDelegate [main] Finished Spring Data repository scanning in 142ms. Found 3 repository interfaces.
2019-05-22 07:24:10,697 INFO org.springframework.context.support.PostProcessorRegistrationDelegate$BeanPostProcessorChecker [main] Bean 'org.springframework.transaction.annotation.ProxyTransactionManagementConfiguration' of type [org.springframework.transaction.annotation.ProxyTransactionManagementConfiguration$$EnhancerBySpringCGLIB$$6d0aef5a] is not eligible for getting processed by all BeanPostProcessors (for example: not eligible for auto-proxying)
2019-05-22 07:24:11,256 INFO com.zaxxer.hikari.HikariDataSource [main] HikariPool-1 - Starting...
2019-05-22 07:24:12,073 INFO com.zaxxer.hikari.HikariDataSource [main] HikariPool-1 - Start completed.
2019-05-22 07:24:12,231 INFO org.hibernate.jpa.internal.util.LogHelper [main] HHH000204: Processing PersistenceUnitInfo [
	name: default
	...]
2019-05-22 07:24:12,492 INFO org.hibernate.Version [main] HHH000412: Hibernate Core {5.3.10.Final}
2019-05-22 07:24:12,498 INFO org.hibernate.cfg.Environment [main] HHH000206: hibernate.properties not found
2019-05-22 07:24:12,926 INFO org.hibernate.annotations.common.reflection.java.JavaReflectionManager [main] HCANN000001: Hibernate Commons Annotations {5.0.4.Final}
2019-05-22 07:24:13,208 INFO org.hibernate.dialect.Dialect [main] HHH000400: Using dialect: org.hibernate.dialect.MySQL5Dialect
2019-05-22 07:24:14,701 INFO org.springframework.orm.jpa.AbstractEntityManagerFactoryBean [main] Initialized JPA EntityManagerFactory for persistence unit 'default'
2019-05-22 07:24:16,786 INFO org.springframework.scheduling.concurrent.ExecutorConfigurationSupport [main] Initializing ExecutorService 'applicationTaskExecutor'
2019-05-22 07:24:17,224 WARN org.springframework.boot.autoconfigure.orm.jpa.JpaBaseConfiguration$JpaWebConfiguration$JpaWebMvcConfiguration [main] spring.jpa.open-in-view is enabled by default. Therefore, database queries may be performed during view rendering. Explicitly configure spring.jpa.open-in-view to disable this warning
2019-05-22 07:24:18,203 INFO org.springframework.boot.StartupInfoLogger [main] Started CrmApplicationTests in 10.912 seconds (JVM running for 12.537)
2019-05-22 07:24:18,527 INFO org.springframework.scheduling.concurrent.ExecutorConfigurationSupport [Thread-2] Shutting down ExecutorService 'applicationTaskExecutor'
2019-05-22 07:24:18,535 INFO org.springframework.orm.jpa.AbstractEntityManagerFactoryBean [Thread-2] Closing JPA EntityManagerFactory for persistence unit 'default'
2019-05-22 07:24:18,541 INFO com.zaxxer.hikari.HikariDataSource [Thread-2] HikariPool-1 - Shutdown initiated...
2019-05-22 07:24:18,575 INFO com.zaxxer.hikari.HikariDataSource [Thread-2] HikariPool-1 - Shutdown completed.
2019-05-22 07:24:34,445 INFO org.springframework.boot.StartupInfoLogger [main] Starting CrmApplication on vinod with PID 6969 (/home/vinod/Desktop/desk/projects/crm/target/classes started by vinod in /home/vinod/Desktop/desk/projects/crm)
2019-05-22 07:24:34,452 DEBUG org.springframework.boot.StartupInfoLogger [main] Running with Spring Boot v2.1.5.RELEASE, Spring v5.1.7.RELEASE
2019-05-22 07:24:34,453 INFO org.springframework.boot.SpringApplication [main] No active profile set, falling back to default profiles: default
2019-05-22 07:24:36,151 INFO org.springframework.data.repository.config.RepositoryConfigurationDelegate [main] Bootstrapping Spring Data repositories in DEFAULT mode.
2019-05-22 07:24:36,353 INFO org.springframework.data.repository.config.RepositoryConfigurationDelegate [main] Finished Spring Data repository scanning in 172ms. Found 3 repository interfaces.
2019-05-22 07:24:37,897 INFO org.springframework.context.support.PostProcessorRegistrationDelegate$BeanPostProcessorChecker [main] Bean 'org.springframework.transaction.annotation.ProxyTransactionManagementConfiguration' of type [org.springframework.transaction.annotation.ProxyTransactionManagementConfiguration$$EnhancerBySpringCGLIB$$8ad8b426] is not eligible for getting processed by all BeanPostProcessors (for example: not eligible for auto-proxying)
2019-05-22 07:24:38,847 INFO org.springframework.boot.web.embedded.tomcat.TomcatWebServer [main] Tomcat initialized with port(s): 8080 (http)
2019-05-22 07:24:38,896 INFO org.apache.juli.logging.DirectJDKLog [main] Initializing ProtocolHandler ["http-nio-8080"]
2019-05-22 07:24:38,928 INFO org.apache.juli.logging.DirectJDKLog [main] Starting service [Tomcat]
2019-05-22 07:24:38,929 INFO org.apache.juli.logging.DirectJDKLog [main] Starting Servlet engine: [Apache Tomcat/9.0.19]
2019-05-22 07:24:39,151 INFO org.apache.juli.logging.DirectJDKLog [main] Initializing Spring embedded WebApplicationContext
2019-05-22 07:24:39,152 INFO org.springframework.boot.web.servlet.context.ServletWebServerApplicationContext [main] Root WebApplicationContext: initialization completed in 4614 ms
2019-05-22 07:24:39,555 INFO com.zaxxer.hikari.HikariDataSource [main] HikariPool-1 - Starting...
2019-05-22 07:24:40,343 INFO com.zaxxer.hikari.HikariDataSource [main] HikariPool-1 - Start completed.
2019-05-22 07:24:40,473 INFO org.hibernate.jpa.internal.util.LogHelper [main] HHH000204: Processing PersistenceUnitInfo [
	name: default
	...]
2019-05-22 07:24:40,705 INFO org.hibernate.Version [main] HHH000412: Hibernate Core {5.3.10.Final}
2019-05-22 07:24:40,709 INFO org.hibernate.cfg.Environment [main] HHH000206: hibernate.properties not found
2019-05-22 07:24:41,101 INFO org.hibernate.annotations.common.reflection.java.JavaReflectionManager [main] HCANN000001: Hibernate Commons Annotations {5.0.4.Final}
2019-05-22 07:24:41,603 INFO org.hibernate.dialect.Dialect [main] HHH000400: Using dialect: org.hibernate.dialect.MySQL5Dialect
2019-05-22 07:24:43,678 INFO org.springframework.orm.jpa.AbstractEntityManagerFactoryBean [main] Initialized JPA EntityManagerFactory for persistence unit 'default'
2019-05-22 07:24:45,204 INFO org.springframework.scheduling.concurrent.ExecutorConfigurationSupport [main] Initializing ExecutorService 'applicationTaskExecutor'
2019-05-22 07:24:45,320 WARN org.springframework.boot.autoconfigure.orm.jpa.JpaBaseConfiguration$JpaWebConfiguration$JpaWebMvcConfiguration [main] spring.jpa.open-in-view is enabled by default. Therefore, database queries may be performed during view rendering. Explicitly configure spring.jpa.open-in-view to disable this warning
2019-05-22 07:24:45,793 INFO org.apache.juli.logging.DirectJDKLog [main] Starting ProtocolHandler ["http-nio-8080"]
2019-05-22 07:24:45,838 INFO org.springframework.boot.web.embedded.tomcat.TomcatWebServer [main] Tomcat started on port(s): 8080 (http) with context path '/crm'
2019-05-22 07:24:45,842 INFO org.springframework.boot.StartupInfoLogger [main] Started CrmApplication in 12.482 seconds (JVM running for 18.477)
2019-05-22 07:26:34,147 INFO org.apache.juli.logging.DirectJDKLog [http-nio-8080-exec-2] Initializing Spring DispatcherServlet 'dispatcherServlet'
2019-05-22 07:26:34,149 INFO org.springframework.web.servlet.FrameworkServlet [http-nio-8080-exec-2] Initializing Servlet 'dispatcherServlet'
2019-05-22 07:26:34,169 INFO org.springframework.web.servlet.FrameworkServlet [http-nio-8080-exec-2] Completed initialization in 20 ms
2019-05-22 07:26:34,232 INFO org.nrp.crm.controller.DepartmentController [http-nio-8080-exec-2] Department Get ALL
2019-05-22 07:26:34,298 INFO org.hibernate.hql.internal.QueryTranslatorFactoryInitiator [http-nio-8080-exec-2] HHH000397: Using ASTQueryTranslatorFactory
2019-05-22 07:34:52,683 INFO org.nrp.crm.controller.DepartmentController [http-nio-8080-exec-5] Department Get ALL
2019-05-22 07:34:54,472 INFO org.nrp.crm.controller.DepartmentController [http-nio-8080-exec-6] Department Get ALL
2019-05-22 07:35:34,591 WARN org.springframework.web.servlet.handler.AbstractHandlerExceptionResolver [http-nio-8080-exec-7] Resolved [org.springframework.web.method.annotation.MethodArgumentTypeMismatchException: Failed to convert value of type 'java.lang.String' to required type 'java.lang.Long'; nested exception is java.lang.NumberFormatException: For input string: "kkk"]
2019-05-22 11:04:08,375 INFO org.springframework.scheduling.concurrent.ExecutorConfigurationSupport [Thread-3] Shutting down ExecutorService 'applicationTaskExecutor'
2019-05-22 11:04:08,960 INFO org.springframework.orm.jpa.AbstractEntityManagerFactoryBean [Thread-3] Closing JPA EntityManagerFactory for persistence unit 'default'
2019-05-22 11:04:10,890 INFO com.zaxxer.hikari.HikariDataSource [Thread-3] HikariPool-1 - Shutdown initiated...
2019-05-22 11:04:10,907 INFO com.zaxxer.hikari.HikariDataSource [Thread-3] HikariPool-1 - Shutdown completed.
