2019-06-05 06:18:48,102 INFO org.springframework.boot.StartupInfoLogger [main] Starting DepartmentServiceTest on vinod with PID 4245 (started by vinod in /home/vinod/Desktop/desk/projects/crm)
2019-06-05 06:18:48,111 DEBUG org.springframework.boot.StartupInfoLogger [main] Running with Spring Boot v2.1.5.RELEASE, Spring v5.1.7.RELEASE
2019-06-05 06:18:48,113 INFO org.springframework.boot.SpringApplication [main] No active profile set, falling back to default profiles: default
2019-06-05 06:18:50,847 INFO org.springframework.data.repository.config.RepositoryConfigurationDelegate [main] Bootstrapping Spring Data repositories in DEFAULT mode.
2019-06-05 06:18:51,011 INFO org.springframework.data.repository.config.RepositoryConfigurationDelegate [main] Finished Spring Data repository scanning in 136ms. Found 3 repository interfaces.
2019-06-05 06:18:53,561 INFO org.springframework.context.support.PostProcessorRegistrationDelegate$BeanPostProcessorChecker [main] Bean 'org.springframework.transaction.annotation.ProxyTransactionManagementConfiguration' of type [org.springframework.transaction.annotation.ProxyTransactionManagementConfiguration$$EnhancerBySpringCGLIB$$37cc5894] is not eligible for getting processed by all BeanPostProcessors (for example: not eligible for auto-proxying)
2019-06-05 06:18:54,300 INFO com.zaxxer.hikari.HikariDataSource [main] HikariPool-1 - Starting...
2019-06-05 06:18:54,694 INFO com.zaxxer.hikari.HikariDataSource [main] HikariPool-1 - Start completed.
2019-06-05 06:18:54,895 INFO org.hibernate.jpa.internal.util.LogHelper [main] HHH000204: Processing PersistenceUnitInfo [
	name: default
	...]
2019-06-05 06:18:55,135 INFO org.hibernate.Version [main] HHH000412: Hibernate Core {5.3.10.Final}
2019-06-05 06:18:55,137 INFO org.hibernate.cfg.Environment [main] HHH000206: hibernate.properties not found
2019-06-05 06:18:55,260 INFO org.hibernate.annotations.common.reflection.java.JavaReflectionManager [main] HCANN000001: Hibernate Commons Annotations {5.0.4.Final}
2019-06-05 06:18:55,569 INFO org.hibernate.dialect.Dialect [main] HHH000400: Using dialect: org.hibernate.dialect.H2Dialect
2019-06-05 06:18:56,682 INFO org.hibernate.tool.schema.internal.SchemaCreatorImpl [main] HHH000476: Executing import script 'org.hibernate.tool.schema.internal.exec.ScriptSourceInputNonExistentImpl@3fc1abf'
2019-06-05 06:18:56,685 INFO org.springframework.orm.jpa.AbstractEntityManagerFactoryBean [main] Initialized JPA EntityManagerFactory for persistence unit 'default'
2019-06-05 06:18:59,326 WARN org.springframework.boot.autoconfigure.orm.jpa.JpaBaseConfiguration$JpaWebConfiguration$JpaWebMvcConfiguration [main] spring.jpa.open-in-view is enabled by default. Therefore, database queries may be performed during view rendering. Explicitly configure spring.jpa.open-in-view to disable this warning
2019-06-05 06:19:00,541 INFO org.springframework.boot.actuate.endpoint.web.EndpointLinksResolver [main] Exposing 2 endpoint(s) beneath base path '/actuator'
2019-06-05 06:19:02,138 INFO org.springframework.scheduling.concurrent.ExecutorConfigurationSupport [main] Initializing ExecutorService 'applicationTaskExecutor'
2019-06-05 06:19:03,290 INFO springfox.documentation.spring.web.plugins.DocumentationPluginsBootstrapper [main] Context refreshed
2019-06-05 06:19:03,349 INFO springfox.documentation.spring.web.plugins.DocumentationPluginsBootstrapper [main] Found 1 custom documentation plugin(s)
2019-06-05 06:19:03,374 INFO springfox.documentation.spring.web.scanners.ApiListingReferenceScanner [main] Scanning for api listing references
2019-06-05 06:19:03,869 INFO org.springframework.boot.StartupInfoLogger [main] Started DepartmentServiceTest in 16.736 seconds (JVM running for 18.881)
2019-06-05 06:19:04,247 INFO org.springframework.scheduling.concurrent.ExecutorConfigurationSupport [Thread-5] Shutting down ExecutorService 'applicationTaskExecutor'
2019-06-05 06:19:04,259 INFO org.springframework.orm.jpa.AbstractEntityManagerFactoryBean [Thread-5] Closing JPA EntityManagerFactory for persistence unit 'default'
2019-06-05 06:19:04,267 INFO org.springframework.beans.factory.support.DisposableBeanAdapter [Thread-5] Invocation of destroy method failed on bean with name 'inMemoryDatabaseShutdownExecutor': org.h2.jdbc.JdbcSQLNonTransientConnectionException: Database is already closed (to disable automatic closing at VM shutdown, add ";DB_CLOSE_ON_EXIT=FALSE" to the db URL) [90121-199]
2019-06-05 06:19:04,269 INFO com.zaxxer.hikari.HikariDataSource [Thread-5] HikariPool-1 - Shutdown initiated...
2019-06-05 06:19:04,279 INFO com.zaxxer.hikari.HikariDataSource [Thread-5] HikariPool-1 - Shutdown completed.
2019-06-05 06:54:13,355 INFO org.springframework.boot.StartupInfoLogger [main] Starting DepartmentControllerTest on vinod with PID 6490 (started by vinod in /home/vinod/Desktop/desk/projects/crm)
2019-06-05 06:54:13,358 DEBUG org.springframework.boot.StartupInfoLogger [main] Running with Spring Boot v2.1.5.RELEASE, Spring v5.1.7.RELEASE
2019-06-05 06:54:13,376 INFO org.springframework.boot.SpringApplication [main] No active profile set, falling back to default profiles: default
2019-06-05 06:54:16,361 INFO org.springframework.scheduling.concurrent.ExecutorConfigurationSupport [main] Initializing ExecutorService 'applicationTaskExecutor'
2019-06-05 06:54:16,857 INFO org.springframework.mock.web.MockServletContext [main] Initializing Spring TestDispatcherServlet ''
2019-06-05 06:54:16,858 INFO org.springframework.web.servlet.FrameworkServlet [main] Initializing Servlet ''
2019-06-05 06:54:16,882 INFO org.springframework.web.servlet.FrameworkServlet [main] Completed initialization in 23 ms
2019-06-05 06:54:16,954 INFO org.springframework.boot.StartupInfoLogger [main] Started DepartmentControllerTest in 4.224 seconds (JVM running for 5.536)
2019-06-05 06:54:17,633 INFO org.springframework.scheduling.concurrent.ExecutorConfigurationSupport [Thread-4] Shutting down ExecutorService 'applicationTaskExecutor'
2019-06-05 06:55:28,183 INFO org.springframework.boot.StartupInfoLogger [main] Starting DepartmentControllerTest on vinod with PID 6571 (started by vinod in /home/vinod/Desktop/desk/projects/crm)
2019-06-05 06:55:28,185 DEBUG org.springframework.boot.StartupInfoLogger [main] Running with Spring Boot v2.1.5.RELEASE, Spring v5.1.7.RELEASE
2019-06-05 06:55:28,193 INFO org.springframework.boot.SpringApplication [main] No active profile set, falling back to default profiles: default
2019-06-05 06:55:31,314 INFO org.springframework.scheduling.concurrent.ExecutorConfigurationSupport [main] Initializing ExecutorService 'applicationTaskExecutor'
2019-06-05 06:55:31,704 INFO org.springframework.mock.web.MockServletContext [main] Initializing Spring TestDispatcherServlet ''
2019-06-05 06:55:31,704 INFO org.springframework.web.servlet.FrameworkServlet [main] Initializing Servlet ''
2019-06-05 06:55:31,726 INFO org.springframework.web.servlet.FrameworkServlet [main] Completed initialization in 21 ms
2019-06-05 06:55:31,784 INFO org.springframework.boot.StartupInfoLogger [main] Started DepartmentControllerTest in 4.164 seconds (JVM running for 5.478)
2019-06-05 06:55:32,296 INFO org.springframework.scheduling.concurrent.ExecutorConfigurationSupport [Thread-4] Shutting down ExecutorService 'applicationTaskExecutor'
2019-06-05 06:58:16,125 INFO org.springframework.boot.StartupInfoLogger [main] Starting DepartmentControllerTest on vinod with PID 6773 (started by vinod in /home/vinod/Desktop/desk/projects/crm)
2019-06-05 06:58:16,128 DEBUG org.springframework.boot.StartupInfoLogger [main] Running with Spring Boot v2.1.5.RELEASE, Spring v5.1.7.RELEASE
2019-06-05 06:58:16,135 INFO org.springframework.boot.SpringApplication [main] No active profile set, falling back to default profiles: default
2019-06-05 06:58:19,033 INFO org.springframework.scheduling.concurrent.ExecutorConfigurationSupport [main] Initializing ExecutorService 'applicationTaskExecutor'
2019-06-05 06:58:19,631 INFO org.springframework.mock.web.MockServletContext [main] Initializing Spring TestDispatcherServlet ''
2019-06-05 06:58:19,632 INFO org.springframework.web.servlet.FrameworkServlet [main] Initializing Servlet ''
2019-06-05 06:58:19,651 INFO org.springframework.web.servlet.FrameworkServlet [main] Completed initialization in 18 ms
2019-06-05 06:58:19,712 INFO org.springframework.boot.StartupInfoLogger [main] Started DepartmentControllerTest in 4.174 seconds (JVM running for 5.511)
2019-06-05 06:58:20,305 INFO org.springframework.scheduling.concurrent.ExecutorConfigurationSupport [Thread-4] Shutting down ExecutorService 'applicationTaskExecutor'
2019-06-05 07:01:51,252 INFO org.springframework.boot.StartupInfoLogger [main] Starting DepartmentControllerTest on vinod with PID 6907 (started by vinod in /home/vinod/Desktop/desk/projects/crm)
2019-06-05 07:01:51,255 DEBUG org.springframework.boot.StartupInfoLogger [main] Running with Spring Boot v2.1.5.RELEASE, Spring v5.1.7.RELEASE
2019-06-05 07:01:51,269 INFO org.springframework.boot.SpringApplication [main] No active profile set, falling back to default profiles: default
2019-06-05 07:01:54,146 INFO org.springframework.scheduling.concurrent.ExecutorConfigurationSupport [main] Initializing ExecutorService 'applicationTaskExecutor'
2019-06-05 07:01:54,708 INFO org.springframework.mock.web.MockServletContext [main] Initializing Spring TestDispatcherServlet ''
2019-06-05 07:01:54,709 INFO org.springframework.web.servlet.FrameworkServlet [main] Initializing Servlet ''
2019-06-05 07:01:54,753 INFO org.springframework.web.servlet.FrameworkServlet [main] Completed initialization in 43 ms
2019-06-05 07:01:54,848 INFO org.springframework.boot.StartupInfoLogger [main] Started DepartmentControllerTest in 4.194 seconds (JVM running for 5.519)
2019-06-05 07:01:55,586 INFO org.springframework.scheduling.concurrent.ExecutorConfigurationSupport [Thread-4] Shutting down ExecutorService 'applicationTaskExecutor'
2019-06-05 07:18:41,507 INFO org.springframework.boot.StartupInfoLogger [main] Starting DepartmentControllerIntegrationTest on vinod with PID 7645 (started by vinod in /home/vinod/Desktop/desk/projects/crm)
2019-06-05 07:18:41,510 DEBUG org.springframework.boot.StartupInfoLogger [main] Running with Spring Boot v2.1.5.RELEASE, Spring v5.1.7.RELEASE
2019-06-05 07:18:41,512 INFO org.springframework.boot.SpringApplication [main] No active profile set, falling back to default profiles: default
2019-06-05 07:18:43,611 INFO org.springframework.data.repository.config.RepositoryConfigurationDelegate [main] Bootstrapping Spring Data repositories in DEFAULT mode.
2019-06-05 07:18:43,743 INFO org.springframework.data.repository.config.RepositoryConfigurationDelegate [main] Finished Spring Data repository scanning in 120ms. Found 3 repository interfaces.
2019-06-05 07:18:45,563 INFO org.springframework.context.support.PostProcessorRegistrationDelegate$BeanPostProcessorChecker [main] Bean 'org.springframework.transaction.annotation.ProxyTransactionManagementConfiguration' of type [org.springframework.transaction.annotation.ProxyTransactionManagementConfiguration$$EnhancerBySpringCGLIB$$2317e7f0] is not eligible for getting processed by all BeanPostProcessors (for example: not eligible for auto-proxying)
2019-06-05 07:18:46,646 INFO org.springframework.boot.web.embedded.tomcat.TomcatWebServer [main] Tomcat initialized with port(s): 0 (http)
2019-06-05 07:18:46,673 INFO org.apache.juli.logging.DirectJDKLog [main] Initializing ProtocolHandler ["http-nio-auto-1"]
2019-06-05 07:18:46,714 INFO org.apache.juli.logging.DirectJDKLog [main] Starting service [Tomcat]
2019-06-05 07:18:46,715 INFO org.apache.juli.logging.DirectJDKLog [main] Starting Servlet engine: [Apache Tomcat/9.0.19]
2019-06-05 07:18:46,934 INFO org.apache.juli.logging.DirectJDKLog [main] Initializing Spring embedded WebApplicationContext
2019-06-05 07:18:46,935 INFO org.springframework.boot.web.servlet.context.ServletWebServerApplicationContext [main] Root WebApplicationContext: initialization completed in 5381 ms
2019-06-05 07:18:48,717 INFO com.zaxxer.hikari.HikariDataSource [main] HikariPool-1 - Starting...
2019-06-05 07:18:49,032 INFO com.zaxxer.hikari.HikariDataSource [main] HikariPool-1 - Start completed.
2019-06-05 07:18:49,177 INFO org.hibernate.jpa.internal.util.LogHelper [main] HHH000204: Processing PersistenceUnitInfo [
	name: default
	...]
2019-06-05 07:18:49,309 INFO org.hibernate.Version [main] HHH000412: Hibernate Core {5.3.10.Final}
2019-06-05 07:18:49,312 INFO org.hibernate.cfg.Environment [main] HHH000206: hibernate.properties not found
2019-06-05 07:18:49,579 INFO org.hibernate.annotations.common.reflection.java.JavaReflectionManager [main] HCANN000001: Hibernate Commons Annotations {5.0.4.Final}
2019-06-05 07:18:49,779 INFO org.hibernate.dialect.Dialect [main] HHH000400: Using dialect: org.hibernate.dialect.H2Dialect
2019-06-05 07:18:51,124 INFO org.hibernate.tool.schema.internal.SchemaCreatorImpl [main] HHH000476: Executing import script 'org.hibernate.tool.schema.internal.exec.ScriptSourceInputNonExistentImpl@56f2c9e8'
2019-06-05 07:18:51,128 INFO org.springframework.orm.jpa.AbstractEntityManagerFactoryBean [main] Initialized JPA EntityManagerFactory for persistence unit 'default'
2019-06-05 07:18:52,667 WARN org.springframework.boot.autoconfigure.orm.jpa.JpaBaseConfiguration$JpaWebConfiguration$JpaWebMvcConfiguration [main] spring.jpa.open-in-view is enabled by default. Therefore, database queries may be performed during view rendering. Explicitly configure spring.jpa.open-in-view to disable this warning
2019-06-05 07:18:53,049 INFO org.springframework.boot.actuate.endpoint.web.EndpointLinksResolver [main] Exposing 2 endpoint(s) beneath base path '/actuator'
2019-06-05 07:18:53,991 INFO org.springframework.scheduling.concurrent.ExecutorConfigurationSupport [main] Initializing ExecutorService 'applicationTaskExecutor'
2019-06-05 07:18:54,892 INFO springfox.documentation.spring.web.plugins.DocumentationPluginsBootstrapper [main] Context refreshed
2019-06-05 07:18:54,931 INFO springfox.documentation.spring.web.plugins.DocumentationPluginsBootstrapper [main] Found 1 custom documentation plugin(s)
2019-06-05 07:18:54,958 INFO springfox.documentation.spring.web.scanners.ApiListingReferenceScanner [main] Scanning for api listing references
2019-06-05 07:18:55,466 INFO org.apache.juli.logging.DirectJDKLog [main] Starting ProtocolHandler ["http-nio-auto-1"]
2019-06-05 07:18:55,523 INFO org.springframework.boot.web.embedded.tomcat.TomcatWebServer [main] Tomcat started on port(s): 34803 (http) with context path ''
2019-06-05 07:18:55,528 INFO org.springframework.boot.StartupInfoLogger [main] Started DepartmentControllerIntegrationTest in 14.706 seconds (JVM running for 15.825)
2019-06-05 07:18:55,925 INFO org.apache.juli.logging.DirectJDKLog [http-nio-auto-1-exec-1] Initializing Spring DispatcherServlet 'dispatcherServlet'
2019-06-05 07:18:55,926 INFO org.springframework.web.servlet.FrameworkServlet [http-nio-auto-1-exec-1] Initializing Servlet 'dispatcherServlet'
2019-06-05 07:18:55,958 INFO org.springframework.web.servlet.FrameworkServlet [http-nio-auto-1-exec-1] Completed initialization in 32 ms
2019-06-05 07:18:56,528 INFO org.springframework.scheduling.concurrent.ExecutorConfigurationSupport [Thread-6] Shutting down ExecutorService 'applicationTaskExecutor'
2019-06-05 07:18:56,538 INFO org.springframework.orm.jpa.AbstractEntityManagerFactoryBean [Thread-6] Closing JPA EntityManagerFactory for persistence unit 'default'
2019-06-05 07:18:56,544 INFO org.springframework.beans.factory.support.DisposableBeanAdapter [Thread-6] Invocation of destroy method failed on bean with name 'inMemoryDatabaseShutdownExecutor': org.h2.jdbc.JdbcSQLNonTransientConnectionException: Database is already closed (to disable automatic closing at VM shutdown, add ";DB_CLOSE_ON_EXIT=FALSE" to the db URL) [90121-199]
2019-06-05 07:18:56,546 INFO com.zaxxer.hikari.HikariDataSource [Thread-6] HikariPool-1 - Shutdown initiated...
2019-06-05 07:18:56,554 INFO com.zaxxer.hikari.HikariDataSource [Thread-6] HikariPool-1 - Shutdown completed.
2019-06-05 07:20:39,435 INFO org.springframework.boot.StartupInfoLogger [main] Starting DepartmentControllerIntegrationTest on vinod with PID 7768 (started by vinod in /home/vinod/Desktop/desk/projects/crm)
2019-06-05 07:20:39,437 DEBUG org.springframework.boot.StartupInfoLogger [main] Running with Spring Boot v2.1.5.RELEASE, Spring v5.1.7.RELEASE
2019-06-05 07:20:39,439 INFO org.springframework.boot.SpringApplication [main] No active profile set, falling back to default profiles: default
2019-06-05 07:20:41,363 INFO org.springframework.data.repository.config.RepositoryConfigurationDelegate [main] Bootstrapping Spring Data repositories in DEFAULT mode.
2019-06-05 07:20:41,499 INFO org.springframework.data.repository.config.RepositoryConfigurationDelegate [main] Finished Spring Data repository scanning in 120ms. Found 3 repository interfaces.
2019-06-05 07:20:43,162 INFO org.springframework.context.support.PostProcessorRegistrationDelegate$BeanPostProcessorChecker [main] Bean 'org.springframework.transaction.annotation.ProxyTransactionManagementConfiguration' of type [org.springframework.transaction.annotation.ProxyTransactionManagementConfiguration$$EnhancerBySpringCGLIB$$1aa2d800] is not eligible for getting processed by all BeanPostProcessors (for example: not eligible for auto-proxying)
2019-06-05 07:20:44,123 INFO org.springframework.boot.web.embedded.tomcat.TomcatWebServer [main] Tomcat initialized with port(s): 0 (http)
2019-06-05 07:20:44,156 INFO org.apache.juli.logging.DirectJDKLog [main] Initializing ProtocolHandler ["http-nio-auto-1"]
2019-06-05 07:20:44,188 INFO org.apache.juli.logging.DirectJDKLog [main] Starting service [Tomcat]
2019-06-05 07:20:44,189 INFO org.apache.juli.logging.DirectJDKLog [main] Starting Servlet engine: [Apache Tomcat/9.0.19]
2019-06-05 07:20:44,408 INFO org.apache.juli.logging.DirectJDKLog [main] Initializing Spring embedded WebApplicationContext
2019-06-05 07:20:44,409 INFO org.springframework.boot.web.servlet.context.ServletWebServerApplicationContext [main] Root WebApplicationContext: initialization completed in 4915 ms
2019-06-05 07:20:46,120 INFO com.zaxxer.hikari.HikariDataSource [main] HikariPool-1 - Starting...
2019-06-05 07:20:46,464 INFO com.zaxxer.hikari.HikariDataSource [main] HikariPool-1 - Start completed.
2019-06-05 07:20:46,591 INFO org.hibernate.jpa.internal.util.LogHelper [main] HHH000204: Processing PersistenceUnitInfo [
	name: default
	...]
2019-06-05 07:20:46,721 INFO org.hibernate.Version [main] HHH000412: Hibernate Core {5.3.10.Final}
2019-06-05 07:20:46,724 INFO org.hibernate.cfg.Environment [main] HHH000206: hibernate.properties not found
2019-06-05 07:20:46,998 INFO org.hibernate.annotations.common.reflection.java.JavaReflectionManager [main] HCANN000001: Hibernate Commons Annotations {5.0.4.Final}
2019-06-05 07:20:47,262 INFO org.hibernate.dialect.Dialect [main] HHH000400: Using dialect: org.hibernate.dialect.H2Dialect
2019-06-05 07:20:48,855 INFO org.hibernate.tool.schema.internal.SchemaCreatorImpl [main] HHH000476: Executing import script 'org.hibernate.tool.schema.internal.exec.ScriptSourceInputNonExistentImpl@43fe2008'
2019-06-05 07:20:48,858 INFO org.springframework.orm.jpa.AbstractEntityManagerFactoryBean [main] Initialized JPA EntityManagerFactory for persistence unit 'default'
2019-06-05 07:20:50,324 WARN org.springframework.boot.autoconfigure.orm.jpa.JpaBaseConfiguration$JpaWebConfiguration$JpaWebMvcConfiguration [main] spring.jpa.open-in-view is enabled by default. Therefore, database queries may be performed during view rendering. Explicitly configure spring.jpa.open-in-view to disable this warning
2019-06-05 07:20:50,646 INFO org.springframework.boot.actuate.endpoint.web.EndpointLinksResolver [main] Exposing 2 endpoint(s) beneath base path '/actuator'
2019-06-05 07:20:51,375 INFO org.springframework.scheduling.concurrent.ExecutorConfigurationSupport [main] Initializing ExecutorService 'applicationTaskExecutor'
2019-06-05 07:20:52,254 INFO springfox.documentation.spring.web.plugins.DocumentationPluginsBootstrapper [main] Context refreshed
2019-06-05 07:20:52,294 INFO springfox.documentation.spring.web.plugins.DocumentationPluginsBootstrapper [main] Found 1 custom documentation plugin(s)
2019-06-05 07:20:52,315 INFO springfox.documentation.spring.web.scanners.ApiListingReferenceScanner [main] Scanning for api listing references
2019-06-05 07:20:52,809 INFO org.apache.juli.logging.DirectJDKLog [main] Starting ProtocolHandler ["http-nio-auto-1"]
2019-06-05 07:20:52,841 INFO org.springframework.boot.web.embedded.tomcat.TomcatWebServer [main] Tomcat started on port(s): 45343 (http) with context path ''
2019-06-05 07:20:52,845 INFO org.springframework.boot.StartupInfoLogger [main] Started DepartmentControllerIntegrationTest in 14.057 seconds (JVM running for 15.113)
2019-06-05 07:20:53,187 INFO org.apache.juli.logging.DirectJDKLog [http-nio-auto-1-exec-1] Initializing Spring DispatcherServlet 'dispatcherServlet'
2019-06-05 07:20:53,187 INFO org.springframework.web.servlet.FrameworkServlet [http-nio-auto-1-exec-1] Initializing Servlet 'dispatcherServlet'
2019-06-05 07:20:53,222 INFO org.springframework.web.servlet.FrameworkServlet [http-nio-auto-1-exec-1] Completed initialization in 34 ms
2019-06-05 07:20:53,690 INFO org.springframework.scheduling.concurrent.ExecutorConfigurationSupport [Thread-6] Shutting down ExecutorService 'applicationTaskExecutor'
2019-06-05 07:20:53,700 INFO org.springframework.orm.jpa.AbstractEntityManagerFactoryBean [Thread-6] Closing JPA EntityManagerFactory for persistence unit 'default'
2019-06-05 07:20:53,711 INFO org.springframework.beans.factory.support.DisposableBeanAdapter [Thread-6] Invocation of destroy method failed on bean with name 'inMemoryDatabaseShutdownExecutor': org.h2.jdbc.JdbcSQLNonTransientConnectionException: Database is already closed (to disable automatic closing at VM shutdown, add ";DB_CLOSE_ON_EXIT=FALSE" to the db URL) [90121-199]
2019-06-05 07:20:53,712 INFO com.zaxxer.hikari.HikariDataSource [Thread-6] HikariPool-1 - Shutdown initiated...
2019-06-05 07:20:53,723 INFO com.zaxxer.hikari.HikariDataSource [Thread-6] HikariPool-1 - Shutdown completed.
