2019-06-02 08:09:15,698 INFO org.springframework.boot.StartupInfoLogger [main] Starting CrmApplicationTests on vinod with PID 6852 (started by vinod in /home/vinod/Desktop/desk/projects/crm)
2019-06-02 08:09:15,700 DEBUG org.springframework.boot.StartupInfoLogger [main] Running with Spring Boot v2.1.5.RELEASE, Spring v5.1.7.RELEASE
2019-06-02 08:09:15,703 INFO org.springframework.boot.SpringApplication [main] No active profile set, falling back to default profiles: default
2019-06-02 08:09:18,433 INFO org.springframework.data.repository.config.RepositoryConfigurationDelegate [main] Bootstrapping Spring Data repositories in DEFAULT mode.
2019-06-02 08:09:18,610 INFO org.springframework.data.repository.config.RepositoryConfigurationDelegate [main] Finished Spring Data repository scanning in 149ms. Found 3 repository interfaces.
2019-06-02 08:09:20,700 INFO org.springframework.context.support.PostProcessorRegistrationDelegate$BeanPostProcessorChecker [main] Bean 'org.springframework.transaction.annotation.ProxyTransactionManagementConfiguration' of type [org.springframework.transaction.annotation.ProxyTransactionManagementConfiguration$$EnhancerBySpringCGLIB$$c93f692] is not eligible for getting processed by all BeanPostProcessors (for example: not eligible for auto-proxying)
2019-06-02 08:09:21,430 INFO com.zaxxer.hikari.HikariDataSource [main] HikariPool-1 - Starting...
2019-06-02 08:09:21,757 INFO com.zaxxer.hikari.HikariDataSource [main] HikariPool-1 - Start completed.
2019-06-02 08:09:22,094 INFO org.hibernate.jpa.internal.util.LogHelper [main] HHH000204: Processing PersistenceUnitInfo [
	name: default
	...]
2019-06-02 08:09:22,220 INFO org.hibernate.Version [main] HHH000412: Hibernate Core {5.3.10.Final}
2019-06-02 08:09:22,232 INFO org.hibernate.cfg.Environment [main] HHH000206: hibernate.properties not found
2019-06-02 08:09:22,741 INFO org.hibernate.annotations.common.reflection.java.JavaReflectionManager [main] HCANN000001: Hibernate Commons Annotations {5.0.4.Final}
2019-06-02 08:09:23,143 INFO org.hibernate.dialect.Dialect [main] HHH000400: Using dialect: org.hibernate.dialect.H2Dialect
2019-06-02 08:09:24,420 INFO org.hibernate.tool.schema.internal.SchemaCreatorImpl [main] HHH000476: Executing import script 'org.hibernate.tool.schema.internal.exec.ScriptSourceInputNonExistentImpl@3eec8583'
2019-06-02 08:09:24,423 INFO org.springframework.orm.jpa.AbstractEntityManagerFactoryBean [main] Initialized JPA EntityManagerFactory for persistence unit 'default'
2019-06-02 08:09:26,671 WARN org.springframework.boot.autoconfigure.orm.jpa.JpaBaseConfiguration$JpaWebConfiguration$JpaWebMvcConfiguration [main] spring.jpa.open-in-view is enabled by default. Therefore, database queries may be performed during view rendering. Explicitly configure spring.jpa.open-in-view to disable this warning
2019-06-02 08:09:27,550 INFO org.springframework.boot.actuate.endpoint.web.EndpointLinksResolver [main] Exposing 2 endpoint(s) beneath base path '/actuator'
2019-06-02 08:09:28,764 INFO org.springframework.scheduling.concurrent.ExecutorConfigurationSupport [main] Initializing ExecutorService 'applicationTaskExecutor'
2019-06-02 08:09:29,707 INFO springfox.documentation.spring.web.plugins.DocumentationPluginsBootstrapper [main] Context refreshed
2019-06-02 08:09:29,825 INFO springfox.documentation.spring.web.plugins.DocumentationPluginsBootstrapper [main] Found 1 custom documentation plugin(s)
2019-06-02 08:09:29,854 INFO springfox.documentation.spring.web.scanners.ApiListingReferenceScanner [main] Scanning for api listing references
2019-06-02 08:09:30,346 INFO org.springframework.boot.StartupInfoLogger [main] Started CrmApplicationTests in 16.038 seconds (JVM running for 18.486)
2019-06-02 08:09:30,663 INFO org.springframework.scheduling.concurrent.ExecutorConfigurationSupport [Thread-5] Shutting down ExecutorService 'applicationTaskExecutor'
2019-06-02 08:09:30,677 INFO org.springframework.orm.jpa.AbstractEntityManagerFactoryBean [Thread-5] Closing JPA EntityManagerFactory for persistence unit 'default'
2019-06-02 08:09:30,713 INFO org.springframework.beans.factory.support.DisposableBeanAdapter [Thread-5] Invocation of destroy method failed on bean with name 'inMemoryDatabaseShutdownExecutor': org.h2.jdbc.JdbcSQLNonTransientConnectionException: Database is already closed (to disable automatic closing at VM shutdown, add ";DB_CLOSE_ON_EXIT=FALSE" to the db URL) [90121-199]
2019-06-02 08:09:30,714 INFO com.zaxxer.hikari.HikariDataSource [Thread-5] HikariPool-1 - Shutdown initiated...
2019-06-02 08:09:30,717 INFO com.zaxxer.hikari.HikariDataSource [Thread-5] HikariPool-1 - Shutdown completed.
2019-06-02 08:19:39,195 INFO org.springframework.boot.StartupInfoLogger [main] Starting CrmApplicationTests on vinod with PID 7514 (started by vinod in /home/vinod/Desktop/desk/projects/crm)
2019-06-02 08:19:39,197 DEBUG org.springframework.boot.StartupInfoLogger [main] Running with Spring Boot v2.1.5.RELEASE, Spring v5.1.7.RELEASE
2019-06-02 08:19:39,199 INFO org.springframework.boot.SpringApplication [main] No active profile set, falling back to default profiles: default
2019-06-02 08:19:40,945 INFO org.springframework.data.repository.config.RepositoryConfigurationDelegate [main] Bootstrapping Spring Data repositories in DEFAULT mode.
2019-06-02 08:19:41,096 INFO org.springframework.data.repository.config.RepositoryConfigurationDelegate [main] Finished Spring Data repository scanning in 131ms. Found 3 repository interfaces.
2019-06-02 08:19:42,723 INFO org.springframework.context.support.PostProcessorRegistrationDelegate$BeanPostProcessorChecker [main] Bean 'org.springframework.transaction.annotation.ProxyTransactionManagementConfiguration' of type [org.springframework.transaction.annotation.ProxyTransactionManagementConfiguration$$EnhancerBySpringCGLIB$$4cdb732] is not eligible for getting processed by all BeanPostProcessors (for example: not eligible for auto-proxying)
2019-06-02 08:19:43,325 INFO com.zaxxer.hikari.HikariDataSource [main] HikariPool-1 - Starting...
2019-06-02 08:19:43,744 INFO com.zaxxer.hikari.HikariDataSource [main] HikariPool-1 - Start completed.
2019-06-02 08:19:43,952 INFO org.hibernate.jpa.internal.util.LogHelper [main] HHH000204: Processing PersistenceUnitInfo [
	name: default
	...]
2019-06-02 08:19:44,087 INFO org.hibernate.Version [main] HHH000412: Hibernate Core {5.3.10.Final}
2019-06-02 08:19:44,091 INFO org.hibernate.cfg.Environment [main] HHH000206: hibernate.properties not found
2019-06-02 08:19:44,341 INFO org.hibernate.annotations.common.reflection.java.JavaReflectionManager [main] HCANN000001: Hibernate Commons Annotations {5.0.4.Final}
2019-06-02 08:19:44,620 INFO org.hibernate.dialect.Dialect [main] HHH000400: Using dialect: org.hibernate.dialect.H2Dialect
2019-06-02 08:19:45,710 INFO org.hibernate.tool.schema.internal.SchemaCreatorImpl [main] HHH000476: Executing import script 'org.hibernate.tool.schema.internal.exec.ScriptSourceInputNonExistentImpl@e97f115'
2019-06-02 08:19:45,715 INFO org.springframework.orm.jpa.AbstractEntityManagerFactoryBean [main] Initialized JPA EntityManagerFactory for persistence unit 'default'
2019-06-02 08:19:47,656 WARN org.springframework.boot.autoconfigure.orm.jpa.JpaBaseConfiguration$JpaWebConfiguration$JpaWebMvcConfiguration [main] spring.jpa.open-in-view is enabled by default. Therefore, database queries may be performed during view rendering. Explicitly configure spring.jpa.open-in-view to disable this warning
2019-06-02 08:19:48,583 INFO org.springframework.boot.actuate.endpoint.web.EndpointLinksResolver [main] Exposing 2 endpoint(s) beneath base path '/actuator'
2019-06-02 08:19:49,819 INFO org.springframework.scheduling.concurrent.ExecutorConfigurationSupport [main] Initializing ExecutorService 'applicationTaskExecutor'
2019-06-02 08:19:50,687 INFO springfox.documentation.spring.web.plugins.DocumentationPluginsBootstrapper [main] Context refreshed
2019-06-02 08:19:50,727 INFO springfox.documentation.spring.web.plugins.DocumentationPluginsBootstrapper [main] Found 1 custom documentation plugin(s)
2019-06-02 08:19:50,756 INFO springfox.documentation.spring.web.scanners.ApiListingReferenceScanner [main] Scanning for api listing references
2019-06-02 08:19:51,239 INFO org.springframework.boot.StartupInfoLogger [main] Started CrmApplicationTests in 12.661 seconds (JVM running for 14.043)
2019-06-02 08:19:51,447 INFO org.springframework.scheduling.concurrent.ExecutorConfigurationSupport [Thread-5] Shutting down ExecutorService 'applicationTaskExecutor'
2019-06-02 08:19:51,457 INFO org.springframework.orm.jpa.AbstractEntityManagerFactoryBean [Thread-5] Closing JPA EntityManagerFactory for persistence unit 'default'
2019-06-02 08:19:51,490 INFO org.springframework.beans.factory.support.DisposableBeanAdapter [Thread-5] Invocation of destroy method failed on bean with name 'inMemoryDatabaseShutdownExecutor': org.h2.jdbc.JdbcSQLNonTransientConnectionException: Database is already closed (to disable automatic closing at VM shutdown, add ";DB_CLOSE_ON_EXIT=FALSE" to the db URL) [90121-199]
2019-06-02 08:19:51,491 INFO com.zaxxer.hikari.HikariDataSource [Thread-5] HikariPool-1 - Shutdown initiated...
2019-06-02 08:19:51,498 INFO com.zaxxer.hikari.HikariDataSource [Thread-5] HikariPool-1 - Shutdown completed.
2019-06-02 08:28:22,981 INFO org.springframework.boot.StartupInfoLogger [restartedMain] Starting CrmApplication on vinod with PID 7835 (/home/vinod/Desktop/desk/projects/crm/target/classes started by vinod in /home/vinod/Desktop/desk/projects/crm)
2019-06-02 08:28:22,985 DEBUG org.springframework.boot.StartupInfoLogger [restartedMain] Running with Spring Boot v2.1.5.RELEASE, Spring v5.1.7.RELEASE
2019-06-02 08:28:22,986 INFO org.springframework.boot.SpringApplication [restartedMain] No active profile set, falling back to default profiles: default
2019-06-02 08:28:23,051 INFO org.springframework.boot.logging.DeferredLog [restartedMain] Devtools property defaults active! Set 'spring.devtools.add-properties' to 'false' to disable
2019-06-02 08:28:23,052 INFO org.springframework.boot.logging.DeferredLog [restartedMain] For additional web related logging consider setting the 'logging.level.web' property to 'DEBUG'
2019-06-02 08:28:24,101 INFO org.springframework.data.repository.config.RepositoryConfigurationDelegate [restartedMain] Bootstrapping Spring Data repositories in DEFAULT mode.
2019-06-02 08:28:24,212 INFO org.springframework.data.repository.config.RepositoryConfigurationDelegate [restartedMain] Finished Spring Data repository scanning in 98ms. Found 3 repository interfaces.
2019-06-02 08:28:25,480 INFO org.springframework.context.support.PostProcessorRegistrationDelegate$BeanPostProcessorChecker [restartedMain] Bean 'org.springframework.transaction.annotation.ProxyTransactionManagementConfiguration' of type [org.springframework.transaction.annotation.ProxyTransactionManagementConfiguration$$EnhancerBySpringCGLIB$$e69d1331] is not eligible for getting processed by all BeanPostProcessors (for example: not eligible for auto-proxying)
2019-06-02 08:28:26,138 INFO org.springframework.boot.web.embedded.tomcat.TomcatWebServer [restartedMain] Tomcat initialized with port(s): 8080 (http)
2019-06-02 08:28:26,159 INFO org.apache.juli.logging.DirectJDKLog [restartedMain] Initializing ProtocolHandler ["http-nio-8080"]
2019-06-02 08:28:26,198 INFO org.apache.juli.logging.DirectJDKLog [restartedMain] Starting service [Tomcat]
2019-06-02 08:28:26,198 INFO org.apache.juli.logging.DirectJDKLog [restartedMain] Starting Servlet engine: [Apache Tomcat/9.0.19]
2019-06-02 08:28:26,417 INFO org.apache.juli.logging.DirectJDKLog [restartedMain] Initializing Spring embedded WebApplicationContext
2019-06-02 08:28:26,417 INFO org.springframework.boot.web.servlet.context.ServletWebServerApplicationContext [restartedMain] Root WebApplicationContext: initialization completed in 3365 ms
2019-06-02 08:28:27,164 INFO com.zaxxer.hikari.HikariDataSource [restartedMain] HikariPool-1 - Starting...
2019-06-02 08:28:28,193 INFO com.zaxxer.hikari.HikariDataSource [restartedMain] HikariPool-1 - Start completed.
2019-06-02 08:28:28,245 INFO org.hibernate.jpa.internal.util.LogHelper [restartedMain] HHH000204: Processing PersistenceUnitInfo [
	name: default
	...]
2019-06-02 08:28:28,306 INFO org.hibernate.Version [restartedMain] HHH000412: Hibernate Core {5.3.10.Final}
2019-06-02 08:28:28,309 INFO org.hibernate.cfg.Environment [restartedMain] HHH000206: hibernate.properties not found
2019-06-02 08:28:28,468 INFO org.hibernate.annotations.common.reflection.java.JavaReflectionManager [restartedMain] HCANN000001: Hibernate Commons Annotations {5.0.4.Final}
2019-06-02 08:28:28,604 INFO org.hibernate.dialect.Dialect [restartedMain] HHH000400: Using dialect: org.hibernate.dialect.MySQL5Dialect
2019-06-02 08:28:29,586 INFO org.springframework.orm.jpa.AbstractEntityManagerFactoryBean [restartedMain] Initialized JPA EntityManagerFactory for persistence unit 'default'
2019-06-02 08:28:29,667 INFO org.springframework.boot.devtools.autoconfigure.OptionalLiveReloadServer [restartedMain] LiveReload server is running on port 35729
2019-06-02 08:28:30,394 WARN org.springframework.boot.autoconfigure.orm.jpa.JpaBaseConfiguration$JpaWebConfiguration$JpaWebMvcConfiguration [restartedMain] spring.jpa.open-in-view is enabled by default. Therefore, database queries may be performed during view rendering. Explicitly configure spring.jpa.open-in-view to disable this warning
2019-06-02 08:28:30,570 INFO org.springframework.boot.actuate.endpoint.web.EndpointLinksResolver [restartedMain] Exposing 2 endpoint(s) beneath base path '/actuator'
2019-06-02 08:28:31,134 INFO org.springframework.scheduling.concurrent.ExecutorConfigurationSupport [restartedMain] Initializing ExecutorService 'applicationTaskExecutor'
2019-06-02 08:28:31,500 INFO springfox.documentation.spring.web.plugins.DocumentationPluginsBootstrapper [restartedMain] Context refreshed
2019-06-02 08:28:31,516 INFO springfox.documentation.spring.web.plugins.DocumentationPluginsBootstrapper [restartedMain] Found 1 custom documentation plugin(s)
2019-06-02 08:28:31,531 INFO springfox.documentation.spring.web.scanners.ApiListingReferenceScanner [restartedMain] Scanning for api listing references
2019-06-02 08:28:31,852 INFO org.apache.juli.logging.DirectJDKLog [restartedMain] Starting ProtocolHandler ["http-nio-8080"]
2019-06-02 08:28:31,939 INFO org.springframework.boot.web.embedded.tomcat.TomcatWebServer [restartedMain] Tomcat started on port(s): 8080 (http) with context path ''
2019-06-02 08:28:31,945 INFO org.springframework.boot.StartupInfoLogger [restartedMain] Started CrmApplication in 9.471 seconds (JVM running for 10.226)
2019-06-02 08:30:01,523 INFO org.springframework.boot.StartupInfoLogger [main] Starting CrmApplicationTests on vinod with PID 7998 (started by vinod in /home/vinod/Desktop/desk/projects/crm)
2019-06-02 08:30:01,526 DEBUG org.springframework.boot.StartupInfoLogger [main] Running with Spring Boot v2.1.5.RELEASE, Spring v5.1.7.RELEASE
2019-06-02 08:30:01,528 INFO org.springframework.boot.SpringApplication [main] No active profile set, falling back to default profiles: default
2019-06-02 08:30:03,295 INFO org.springframework.data.repository.config.RepositoryConfigurationDelegate [main] Bootstrapping Spring Data repositories in DEFAULT mode.
2019-06-02 08:30:03,427 INFO org.springframework.data.repository.config.RepositoryConfigurationDelegate [main] Finished Spring Data repository scanning in 113ms. Found 3 repository interfaces.
2019-06-02 08:30:04,972 INFO org.springframework.context.support.PostProcessorRegistrationDelegate$BeanPostProcessorChecker [main] Bean 'org.springframework.transaction.annotation.ProxyTransactionManagementConfiguration' of type [org.springframework.transaction.annotation.ProxyTransactionManagementConfiguration$$EnhancerBySpringCGLIB$$2eefbde6] is not eligible for getting processed by all BeanPostProcessors (for example: not eligible for auto-proxying)
2019-06-02 08:30:05,735 INFO com.zaxxer.hikari.HikariDataSource [main] HikariPool-1 - Starting...
2019-06-02 08:30:05,991 INFO com.zaxxer.hikari.HikariDataSource [main] HikariPool-1 - Start completed.
2019-06-02 08:30:06,128 INFO org.hibernate.jpa.internal.util.LogHelper [main] HHH000204: Processing PersistenceUnitInfo [
	name: default
	...]
2019-06-02 08:30:06,244 INFO org.hibernate.Version [main] HHH000412: Hibernate Core {5.3.10.Final}
2019-06-02 08:30:06,246 INFO org.hibernate.cfg.Environment [main] HHH000206: hibernate.properties not found
2019-06-02 08:30:06,461 INFO org.hibernate.annotations.common.reflection.java.JavaReflectionManager [main] HCANN000001: Hibernate Commons Annotations {5.0.4.Final}
2019-06-02 08:30:06,708 INFO org.hibernate.dialect.Dialect [main] HHH000400: Using dialect: org.hibernate.dialect.H2Dialect
2019-06-02 08:30:07,784 INFO org.hibernate.tool.schema.internal.SchemaCreatorImpl [main] HHH000476: Executing import script 'org.hibernate.tool.schema.internal.exec.ScriptSourceInputNonExistentImpl@22aee519'
2019-06-02 08:30:07,788 INFO org.springframework.orm.jpa.AbstractEntityManagerFactoryBean [main] Initialized JPA EntityManagerFactory for persistence unit 'default'
2019-06-02 08:30:09,829 WARN org.springframework.boot.autoconfigure.orm.jpa.JpaBaseConfiguration$JpaWebConfiguration$JpaWebMvcConfiguration [main] spring.jpa.open-in-view is enabled by default. Therefore, database queries may be performed during view rendering. Explicitly configure spring.jpa.open-in-view to disable this warning
2019-06-02 08:30:10,666 INFO org.springframework.boot.actuate.endpoint.web.EndpointLinksResolver [main] Exposing 2 endpoint(s) beneath base path '/actuator'
2019-06-02 08:30:11,799 INFO org.springframework.scheduling.concurrent.ExecutorConfigurationSupport [main] Initializing ExecutorService 'applicationTaskExecutor'
2019-06-02 08:30:12,700 INFO springfox.documentation.spring.web.plugins.DocumentationPluginsBootstrapper [main] Context refreshed
2019-06-02 08:30:12,743 INFO springfox.documentation.spring.web.plugins.DocumentationPluginsBootstrapper [main] Found 1 custom documentation plugin(s)
2019-06-02 08:30:12,769 INFO springfox.documentation.spring.web.scanners.ApiListingReferenceScanner [main] Scanning for api listing references
2019-06-02 08:30:13,233 INFO org.springframework.boot.StartupInfoLogger [main] Started CrmApplicationTests in 12.296 seconds (JVM running for 13.413)
2019-06-02 08:30:13,397 INFO org.springframework.scheduling.concurrent.ExecutorConfigurationSupport [Thread-5] Shutting down ExecutorService 'applicationTaskExecutor'
2019-06-02 08:30:13,424 INFO org.springframework.orm.jpa.AbstractEntityManagerFactoryBean [Thread-5] Closing JPA EntityManagerFactory for persistence unit 'default'
2019-06-02 08:30:13,466 INFO org.springframework.beans.factory.support.DisposableBeanAdapter [Thread-5] Invocation of destroy method failed on bean with name 'inMemoryDatabaseShutdownExecutor': org.h2.jdbc.JdbcSQLNonTransientConnectionException: Database is already closed (to disable automatic closing at VM shutdown, add ";DB_CLOSE_ON_EXIT=FALSE" to the db URL) [90121-199]
2019-06-02 08:30:13,467 INFO com.zaxxer.hikari.HikariDataSource [Thread-5] HikariPool-1 - Shutdown initiated...
2019-06-02 08:30:13,477 INFO com.zaxxer.hikari.HikariDataSource [Thread-5] HikariPool-1 - Shutdown completed.
2019-06-02 08:37:50,527 INFO org.springframework.boot.admin.SpringApplicationAdminMXBeanRegistrar$SpringApplicationAdmin [RMI TCP Connection(21)-127.0.0.1] Application shutdown requested.
2019-06-02 08:37:50,537 INFO org.springframework.scheduling.concurrent.ExecutorConfigurationSupport [RMI TCP Connection(21)-127.0.0.1] Shutting down ExecutorService 'applicationTaskExecutor'
2019-06-02 08:37:50,545 INFO org.springframework.orm.jpa.AbstractEntityManagerFactoryBean [RMI TCP Connection(21)-127.0.0.1] Closing JPA EntityManagerFactory for persistence unit 'default'
2019-06-02 08:37:50,552 INFO com.zaxxer.hikari.HikariDataSource [RMI TCP Connection(21)-127.0.0.1] HikariPool-1 - Shutdown initiated...
2019-06-02 08:37:50,569 INFO com.zaxxer.hikari.HikariDataSource [RMI TCP Connection(21)-127.0.0.1] HikariPool-1 - Shutdown completed.
